<?xml version="1.0" encoding="UTF-8"?>
<!-- Generated by org.testng.reporters.JUnitXMLReporter -->
<testsuite ignored="0" hostname="DESKTOP-PVOSN5J" failures="0" tests="4" name="Default test" time="96.639" errors="0" timestamp="2022-04-15T02:55:41 CEST">
  <testcase classname="com.scripts.VivinoTest" name="verifyHome" time="0.103"/>
  <testcase classname="com.scripts.VivinoTest" name="searchOnDashboard" time="24.233"/>
  <testcase classname="com.scripts.VivinoTest" name="searchOnDashboard" time="23.407"/>
  <testcase classname="com.scripts.VivinoTest" name="searchOnDashboard" time="22.449"/>
</testsuite> <!-- Default test -->
