<?xml version="1.0" encoding="UTF-8"?>
<testng-results ignored="0" total="4" passed="4" failed="0" skipped="0">
  <reporter-output>
  </reporter-output>
  <suite started-at="2022-04-15T02:54:04 CEST" name="Default suite" finished-at="2022-04-15T02:55:41 CEST" duration-ms="96639">
    <groups>
    </groups>
    <test started-at="2022-04-15T02:54:04 CEST" name="Default test" finished-at="2022-04-15T02:55:41 CEST" duration-ms="96639">
      <class name="com.scripts.VivinoTest">
        <test-method is-config="true" signature="startup()[pri:0, instance:com.scripts.VivinoTest@67f639d3]" started-at="2022-04-15T02:54:04 CEST" name="startup" finished-at="2022-04-15T02:54:29 CEST" duration-ms="24306" status="PASS">
          <reporter-output>
          </reporter-output>
        </test-method> <!-- startup -->
        <test-method signature="verifyHome()[pri:0, instance:com.scripts.VivinoTest@67f639d3]" started-at="2022-04-15T02:54:29 CEST" name="verifyHome" finished-at="2022-04-15T02:54:29 CEST" duration-ms="103" status="PASS">
          <reporter-output>
          </reporter-output>
        </test-method> <!-- verifyHome -->
        <test-method signature="searchOnDashboard(java.lang.String)[pri:1, instance:com.scripts.VivinoTest@67f639d3]" started-at="2022-04-15T02:54:29 CEST" name="searchOnDashboard" data-provider="getdata" finished-at="2022-04-15T02:54:53 CEST" duration-ms="24233" status="PASS">
          <params>
            <param index="0">
              <value>
                <![CDATA[white]]>
              </value>
            </param>
          </params>
          <reporter-output>
          </reporter-output>
        </test-method> <!-- searchOnDashboard -->
        <test-method signature="searchOnDashboard(java.lang.String)[pri:1, instance:com.scripts.VivinoTest@67f639d3]" started-at="2022-04-15T02:54:53 CEST" name="searchOnDashboard" data-provider="getdata" finished-at="2022-04-15T02:55:17 CEST" duration-ms="23407" status="PASS">
          <params>
            <param index="0">
              <value>
                <![CDATA[red]]>
              </value>
            </param>
          </params>
          <reporter-output>
          </reporter-output>
        </test-method> <!-- searchOnDashboard -->
        <test-method signature="searchOnDashboard(java.lang.String)[pri:1, instance:com.scripts.VivinoTest@67f639d3]" started-at="2022-04-15T02:55:17 CEST" name="searchOnDashboard" data-provider="getdata" finished-at="2022-04-15T02:55:39 CEST" duration-ms="22449" status="PASS">
          <params>
            <param index="0">
              <value>
                <![CDATA[blend]]>
              </value>
            </param>
          </params>
          <reporter-output>
          </reporter-output>
        </test-method> <!-- searchOnDashboard -->
        <test-method is-config="true" signature="shutdown()[pri:0, instance:com.scripts.VivinoTest@67f639d3]" started-at="2022-04-15T02:55:39 CEST" name="shutdown" finished-at="2022-04-15T02:55:41 CEST" duration-ms="1817" status="PASS">
          <reporter-output>
          </reporter-output>
        </test-method> <!-- shutdown -->
      </class> <!-- com.scripts.VivinoTest -->
    </test> <!-- Default test -->
  </suite> <!-- Default suite -->
</testng-results>
